[debug] [2022-04-10T09:30:49.005Z] ----------------------------------------------------------------------
[debug] [2022-04-10T09:30:49.006Z] Command:       /usr/local/bin/node /usr/local/bin/firebase deploy
[debug] [2022-04-10T09:30:49.007Z] CLI Version:   10.6.0
[debug] [2022-04-10T09:30:49.007Z] Platform:      linux
[debug] [2022-04-10T09:30:49.007Z] Node Version:  v16.14.2
[debug] [2022-04-10T09:30:49.007Z] Time:          Sun Apr 10 2022 02:30:49 GMT-0700 (Pacific Daylight Time)
[debug] [2022-04-10T09:30:49.007Z] ----------------------------------------------------------------------
[debug] 
[debug] [2022-04-10T09:30:49.049Z] > command requires scopes: ["email","openid","https://www.googleapis.com/auth/cloudplatformprojects.readonly","https://www.googleapis.com/auth/firebase","https://www.googleapis.com/auth/cloud-platform"]
[debug] [2022-04-10T09:30:49.050Z] > authorizing via signed-in user (isaacgc08@gmail.com)
[debug] [2022-04-10T09:30:49.050Z] [iam] checking project my-site-5d697 for permissions ["firebase.projects.get","firebasehosting.sites.update"]
[debug] [2022-04-10T09:30:49.051Z] >>> [apiv2][query] POST https://cloudresourcemanager.googleapis.com/v1/projects/my-site-5d697:testIamPermissions [none]
[debug] [2022-04-10T09:30:49.051Z] >>> [apiv2][body] POST https://cloudresourcemanager.googleapis.com/v1/projects/my-site-5d697:testIamPermissions {"permissions":["firebase.projects.get","firebasehosting.sites.update"]}
[debug] [2022-04-10T09:30:49.344Z] <<< [apiv2][status] POST https://cloudresourcemanager.googleapis.com/v1/projects/my-site-5d697:testIamPermissions 200
[debug] [2022-04-10T09:30:49.345Z] <<< [apiv2][body] POST https://cloudresourcemanager.googleapis.com/v1/projects/my-site-5d697:testIamPermissions {"permissions":["firebase.projects.get","firebasehosting.sites.update"]}
[debug] [2022-04-10T09:30:49.345Z] >>> [apiv2][query] GET https://firebase.googleapis.com/v1beta1/projects/my-site-5d697 [none]
[debug] [2022-04-10T09:30:49.554Z] <<< [apiv2][status] GET https://firebase.googleapis.com/v1beta1/projects/my-site-5d697 200
[debug] [2022-04-10T09:30:49.554Z] <<< [apiv2][body] GET https://firebase.googleapis.com/v1beta1/projects/my-site-5d697 {"projectId":"my-site-5d697","projectNumber":"653154994304","displayName":"my-site","name":"projects/my-site-5d697","resources":{"hostingSite":"my-site-5d697"},"state":"ACTIVE"}
[info] 
[info] === Deploying to 'my-site-5d697'...
[info] 
[info] i  deploying hosting 
[debug] [2022-04-10T09:30:49.556Z] >>> [apiv2][query] GET https://firebase.googleapis.com/v1beta1/projects/my-site-5d697 [none]
[debug] [2022-04-10T09:30:49.740Z] <<< [apiv2][status] GET https://firebase.googleapis.com/v1beta1/projects/my-site-5d697 200
[debug] [2022-04-10T09:30:49.740Z] <<< [apiv2][body] GET https://firebase.googleapis.com/v1beta1/projects/my-site-5d697 {"projectId":"my-site-5d697","projectNumber":"653154994304","displayName":"my-site","name":"projects/my-site-5d697","resources":{"hostingSite":"my-site-5d697"},"state":"ACTIVE"}
[debug] [2022-04-10T09:30:49.741Z] >>> [apiv2][query] POST https://firebasehosting.googleapis.com/v1beta1/projects/653154994304/sites/my-site-5d697/versions [none]
[debug] [2022-04-10T09:30:49.742Z] >>> [apiv2][body] POST https://firebasehosting.googleapis.com/v1beta1/projects/653154994304/sites/my-site-5d697/versions {"config":{"rewrites":[{"glob":"**","path":"/index.html"}]},"labels":{"deployment-tool":"cli-firebase"}}
[debug] [2022-04-10T09:30:50.454Z] <<< [apiv2][status] POST https://firebasehosting.googleapis.com/v1beta1/projects/653154994304/sites/my-site-5d697/versions 200
[debug] [2022-04-10T09:30:50.454Z] <<< [apiv2][body] POST https://firebasehosting.googleapis.com/v1beta1/projects/653154994304/sites/my-site-5d697/versions {"name":"projects/653154994304/sites/my-site-5d697/versions/0717930c5c55a4a6","status":"CREATED","config":{"rewrites":[{"glob":"**","path":"/index.html"}]},"labels":{"deployment-tool":"cli-firebase"}}
[info] i  hosting[my-site-5d697]: beginning deploy... 
[info] i  hosting[my-site-5d697]: found 38 files in build 
[debug] [2022-04-10T09:30:50.471Z] [hosting] uploading with 200 concurrency
[debug] [2022-04-10T09:30:50.475Z] [hosting] hash cache [YnVpbGQ] stored for 38 files
[debug] [2022-04-10T09:30:50.475Z] [hosting][hash queue][FINAL] {"max":2,"min":0,"avg":0,"active":0,"complete":38,"success":38,"errored":0,"retried":0,"total":38,"elapsed":3}
[debug] [2022-04-10T09:30:50.475Z] >>> [apiv2][query] POST https://firebasehosting.googleapis.com/v1beta1/projects/653154994304/sites/my-site-5d697/versions/0717930c5c55a4a6:populateFiles [none]
[debug] [2022-04-10T09:30:50.475Z] >>> [apiv2][body] POST https://firebasehosting.googleapis.com/v1beta1/projects/653154994304/sites/my-site-5d697/versions/0717930c5c55a4a6:populateFiles {"files":{"/android-chrome-192x192.png":"f82a9cd8b0d3200b86b68639059775bc12c38e6604f2bc862f1b2e474ab3c644","/android-chrome-512x512.png":"4b5509b57de960bd98af5db112f13b3927dcea02cb92aa6aa9db05cb92bf884e","/apple-touch-icon.png":"6a73999369e8ac5772aa01221946bd8cb18bed3386248b9326452ec670d0c6f1","/asset-manifest.json":"94008f7567c8af1b27f5908e253fc127138d35fc82f567e06f3966519b947cca","/favicon-16x16.png":"d999e39b7b662ac24e02efee252f97c126f0db2a09d6f00bac6270ed318bd86d","/favicon-32x32.png":"e6682959c0ee021380776118e8e0ddbd1322990513340065542b608c1b51a063","/favicon.ico":"6247348020120d06c86d6023f1396dc22ff361e12e32c21bfc4b4a0a002eae3c","/index.html":"a63bf3e8601ad5abfdd8405948cad890ee9e8d6a64b466fcad022eb25712845f","/manifest.json":"6c83453b11e18e6137364aa51313e42ec8cda3285b3ce17d6a8adab9a2435d5b","/robots.txt":"2544ca049f223a42bff01f72ad930a5edba75bbb7199d0f8430a02ff5aca16ec","/static/css/main.86e44224.css":"2a0dd5770fb6293c5690aa295af636db1fbe0eccb59383b9247b3ad933100b16","/static/css/main.86e44224.css.map":"fbf9980235dcd934389c55f5da04c940922b12b8702a518f166c50a5086cf02b","/static/js/main.62f64b19.js":"e8ecd105adca1c6dc64f0a714820546be5d9ea23b660a3fe6f26dcb0685a9baf","/static/js/main.62f64b19.js.LICENSE.txt":"ca99625167d933938cde4ed87aacb5754652decaa20ad29a09ad136cc6e69c65","/static/js/main.62f64b19.js.map":"b611961630f5f57374d684faafe395668f31691c8642b190cb7de6cd331a0f9c","/static/media/FoodApp_home.f4aa8500a6651becb00b.webp":"f4473f5564522fe4446cecb3538896a6c12ab26445d6d5ecb14b3f9cc6e0e61d","/static/media/GCboard_home.a88e23259c610b043ad4.webp":"50d8a6a1cb99ae7fcca8fa2c2306ee7e64ed7d5e990971f79002bc8420ae9698","/static/media/KokoaTalk_home.0ad4f9a4c9d3d3fe9899.webp":"533e3fd89bdcb0ef79b36a22a0b5068890acfa73b1496ede7f6f399f639db5db","/static/media/Moviehunt.454095025e7096f8e27c.webp":"9cd433b8f53b837ad32340182d1c13f666c60ff7a88d2e20ccc3cf246bc0f0ba","/static/media/Pokedex_home.bb0df6d564ed3970be85.webp":"faa4cb9d0876e042dee6bf04408bbf452e7fa01ffdd97415d62950985c27d174","/static/media/Todo_home.47bf42ce4129159c1a95.webp":"2092f02548a879954458a63ec69791c16284bad3e65fc6d411ab98fdc9fb288f","/static/media/brain.da29269a1d5c03aea473.png":"1448ed9051e5a74e567a4d88c7f61758c47437a491e23967bdd76bf1130ac09f","/static/media/cloud1.8f4b0ff26e76324792dd.webp":"4127a247bff7ac715fdc1260301790c3c1fcb70d6042c1ee1a52423e2b08775f","/static/media/cloud2.11a175f83fd7194cd9a3.webp":"214e10ddf2351c0a43b7288b9852a0711b2b09ceb332b1364350e1ec5b69641d","/static/media/cloud3.04d5c59b8faa14db7a7c.webp":"162beaeba00f48f260761a5ec1116f15c1102063272e6e43a751b1ade9307dcf","/static/media/pngegg.bbd884be75a24ae746ff.webp":"a10adbb8793e934b1e70cf083baa92909a648160ca2cf65df9e02321be22e649","/static/media/terraclose1.1b50fe683a2649d47d7b.webp":"5274b0d6547c01a2c033d2df45a20f65f821efd6abdc63985c57cdd6538c9c72","/static/media/terraclose2.0482e93b13a9c58e5b3d.webp":"a03336f528bd72a7a0e3b73d81ae18b05b5b4c7cb2cab0a3ca0c034d2c2105fb","/static/media/terraclose3.ab6344befe3daa2aa932.webp":"463b4cf7338bd3f8966797347ac7554a3a2dec53b83ca958f2e5978d39406437","/static/media/terraclose4.05c770739c43447f54e2.webp":"b7eb4ab7dc5e575fa9502444cb9072a1e77d7fffec64a9fff8484925e10b9f79","/static/media/terraclose5.8fbb6f028971cc8b35ab.webp":"7a740a2b4c897c66f9a0e896ebe6db4cd721b220f8ddbe47d17b571ce8a57b9a","/static/media/terraclose6.cc1855dfd4ed51e0e80b.webp":"e6d921b919b088e76b93f33b1c1f80bdf9d1b42f9c0a368a3ce713b844f85510","/static/media/terraclose7.ed419fc5a65b1d3e1c1e.webp":"d2c24c7de3a4d0f7c48326e5f8753e5a95024da3f2b5e50889fb21198f682bb8","/static/media/terrakan1.9fbeddafb5f061d0e14a.webp":"f829630829cd4d44d5388f3ec0cc0377833cf06239487c0f0ce69da738f3e6c7","/static/media/terrakan2.38a73c6baad8663ca7bf.webp":"e3f72c2625af8864d56d0126673e9f5590d3cfdcd7af1358f259898b04e93c66","/static/media/terrakan3.83035a8de9e4af978cc8.webp":"0bccde72bcf774dfefdb40b80f63f7d5631fe975fed521579e29d28d5a64169e","/static/media/terrakan4.e5218a82b5ba4d892935.webp":"efbafed68ad7796f8a092172fdb08718a3172a8371583c57349d65b625522a93","/static/media/terrakan5.3e5b69d187c0e12f3d66.webp":"8f8badbd20208e8f64c22ebbd89daf914da706715b4c253448c8f39ae6b1eb80"}}
[debug] [2022-04-10T09:30:51.034Z] <<< [apiv2][status] POST https://firebasehosting.googleapis.com/v1beta1/projects/653154994304/sites/my-site-5d697/versions/0717930c5c55a4a6:populateFiles 200
[debug] [2022-04-10T09:30:51.034Z] <<< [apiv2][body] POST https://firebasehosting.googleapis.com/v1beta1/projects/653154994304/sites/my-site-5d697/versions/0717930c5c55a4a6:populateFiles {"uploadUrl":"https://upload-firebasehosting.googleapis.com/upload/sites/my-site-5d697/versions/0717930c5c55a4a6/files"}
[debug] [2022-04-10T09:30:51.035Z] [hosting][populate queue][FINAL] {"max":561,"min":561,"avg":561,"active":0,"complete":1,"success":1,"errored":0,"retried":0,"total":1,"elapsed":561}
[debug] [2022-04-10T09:30:51.035Z] [hosting] uploads queued: 0
[debug] [2022-04-10T09:30:51.036Z] [hosting][upload queue][FINAL] {"max":0,"min":9999999999,"avg":0,"active":0,"complete":0,"success":0,"errored":0,"retried":0,"total":0,"elapsed":1649583051036}
[info] ✔  hosting[my-site-5d697]: file upload complete 
[debug] [2022-04-10T09:30:51.037Z] [hosting] deploy completed after 581ms
[debug] [2022-04-10T09:30:51.044Z] [
  {
    "config": {
      "public": "build",
      "ignore": [
        "firebase.json",
        "**/.*",
        "**/node_modules/**"
      ],
      "rewrites": [
        {
          "source": "**",
          "destination": "/index.html"
        }
      ],
      "site": "my-site-5d697"
    },
    "site": "my-site-5d697",
    "version": "projects/653154994304/sites/my-site-5d697/versions/0717930c5c55a4a6"
  }
]
[info] i  hosting[my-site-5d697]: finalizing version... 
[debug] [2022-04-10T09:30:51.046Z] >>> [apiv2][query] PATCH https://firebasehosting.googleapis.com/v1beta1/projects/653154994304/sites/my-site-5d697/versions/0717930c5c55a4a6 updateMask=status
[debug] [2022-04-10T09:30:51.046Z] >>> [apiv2][body] PATCH https://firebasehosting.googleapis.com/v1beta1/projects/653154994304/sites/my-site-5d697/versions/0717930c5c55a4a6 {"status":"FINALIZED"}
[debug] [2022-04-10T09:30:51.518Z] <<< [apiv2][status] PATCH https://firebasehosting.googleapis.com/v1beta1/projects/653154994304/sites/my-site-5d697/versions/0717930c5c55a4a6 200
[debug] [2022-04-10T09:30:51.519Z] <<< [apiv2][body] PATCH https://firebasehosting.googleapis.com/v1beta1/projects/653154994304/sites/my-site-5d697/versions/0717930c5c55a4a6 {"name":"projects/653154994304/sites/my-site-5d697/versions/0717930c5c55a4a6","status":"FINALIZED","config":{"rewrites":[{"glob":"**","path":"/index.html"}]},"labels":{"deployment-tool":"cli-firebase"},"createTime":"2022-04-10T09:30:50.107301Z","createUser":{"email":"isaacgc08@gmail.com"},"finalizeTime":"2022-04-10T09:30:51.472530Z","finalizeUser":{"email":"isaacgc08@gmail.com"}}
[debug] [2022-04-10T09:30:51.519Z] [hosting] finalized version for my-site-5d697:[object Object]
[info] ✔  hosting[my-site-5d697]: version finalized 
[info] i  hosting[my-site-5d697]: releasing new version... 
[debug] [2022-04-10T09:30:51.521Z] >>> [apiv2][query] POST https://firebasehosting.googleapis.com/v1beta1/projects/653154994304/sites/my-site-5d697/releases versionName=projects%2F653154994304%2Fsites%2Fmy-site-5d697%2Fversions%2F0717930c5c55a4a6
[debug] [2022-04-10T09:30:51.521Z] >>> [apiv2][body] POST https://firebasehosting.googleapis.com/v1beta1/projects/653154994304/sites/my-site-5d697/releases {"message":null}
[debug] [2022-04-10T09:30:51.964Z] <<< [apiv2][status] POST https://firebasehosting.googleapis.com/v1beta1/projects/653154994304/sites/my-site-5d697/releases 200
[debug] [2022-04-10T09:30:51.965Z] <<< [apiv2][body] POST https://firebasehosting.googleapis.com/v1beta1/projects/653154994304/sites/my-site-5d697/releases {"name":"projects/653154994304/sites/my-site-5d697/releases/1649583051324526","version":{"name":"projects/653154994304/sites/my-site-5d697/versions/0717930c5c55a4a6","status":"FINALIZED","config":{"rewrites":[{"glob":"**","path":"/index.html"}]},"labels":{"deployment-tool":"cli-firebase"},"createTime":"2022-04-10T09:30:50.107301Z","createUser":{"email":"isaacgc08@gmail.com","imageUrl":"https://lh3.googleusercontent.com/a/AATXAJxtQMADftGSU2qUEAdP45sSkHgG6BwE8AWUYtWW=mo"},"finalizeTime":"2022-04-10T09:30:51.472530Z","finalizeUser":{"email":"isaacgc08@gmail.com","imageUrl":"https://lh3.googleusercontent.com/a/AATXAJxtQMADftGSU2qUEAdP45sSkHgG6BwE8AWUYtWW=mo"}},"type":"DEPLOY","releaseTime":"2022-04-10T09:30:51.324526079Z","releaseUser":{"email":"isaacgc08@gmail.com","imageUrl":"https://lh3.googleusercontent.com/a/AATXAJxtQMADftGSU2qUEAdP45sSkHgG6BwE8AWUYtWW=mo"}}
[debug] [2022-04-10T09:30:51.965Z] [hosting] release: {"name":"projects/653154994304/sites/my-site-5d697/releases/1649583051324526","version":{"name":"projects/653154994304/sites/my-site-5d697/versions/0717930c5c55a4a6","status":"FINALIZED","config":{"rewrites":[{"glob":"**","path":"/index.html"}]},"labels":{"deployment-tool":"cli-firebase"},"createTime":"2022-04-10T09:30:50.107301Z","createUser":{"email":"isaacgc08@gmail.com","imageUrl":"https://lh3.googleusercontent.com/a/AATXAJxtQMADftGSU2qUEAdP45sSkHgG6BwE8AWUYtWW=mo"},"finalizeTime":"2022-04-10T09:30:51.472530Z","finalizeUser":{"email":"isaacgc08@gmail.com","imageUrl":"https://lh3.googleusercontent.com/a/AATXAJxtQMADftGSU2qUEAdP45sSkHgG6BwE8AWUYtWW=mo"}},"type":"DEPLOY","releaseTime":"2022-04-10T09:30:51.324526079Z","releaseUser":{"email":"isaacgc08@gmail.com","imageUrl":"https://lh3.googleusercontent.com/a/AATXAJxtQMADftGSU2qUEAdP45sSkHgG6BwE8AWUYtWW=mo"}}
[info] ✔  hosting[my-site-5d697]: release complete 
